\BOOKMARK [1][]{section.1}{\376\377\0001\000.\000\040\000I\000n\000t\000r\000o\000d\000u\000c\000t\000i\000o\000n}{}% 1
\BOOKMARK [1][]{section.2}{\376\377\0002\000.\000\040\000W\000o\000r\000k\000F\000l\000o\000w}{}% 2
\BOOKMARK [2][-]{subsection.2.1}{\376\377\0002\000.\000.\0001\000\040\000F\000a\000s\000t\000q\000\040\000M\000a\000p\000p\000i\000n\000g}{section.2}% 3
\BOOKMARK [2][-]{subsection.2.2}{\376\377\0002\000.\000.\0002\000\040\000D\000u\000p\000l\000i\000c\000a\000t\000e\000\040\000M\000a\000r\000k\000i\000n\000g}{section.2}% 4
\BOOKMARK [2][-]{subsection.2.3}{\376\377\0002\000.\000.\0003\000\040\000R\000e\000a\000l\000i\000g\000i\000n\000g\000\040\000t\000h\000e\000\040\000r\000e\000a\000d\000s}{section.2}% 5
\BOOKMARK [2][-]{subsection.2.4}{\376\377\0002\000.\000.\0004\000\040\000U\000n\000i\000f\000i\000e\000d\000\040\000g\000e\000n\000o\000t\000y\000p\000e\000r}{section.2}% 6
\BOOKMARK [2][-]{subsection.2.5}{\376\377\0002\000.\000.\0005\000\040\000B\000a\000s\000e\000\040\000R\000e\000c\000a\000l\000i\000b\000r\000a\000t\000o\000r}{section.2}% 7
\BOOKMARK [1][]{section.3}{\376\377\0003\000.\000\040\000C\000a\000l\000l\000a\000b\000l\000e\000\040\000l\000o\000c\000i}{}% 8
\BOOKMARK [1][]{section.4}{\376\377\0004\000.\000\040\000S\000N\000P\000\040\000d\000e\000s\000t\000r\000i\000b\000u\000t\000i\000o\000n}{}% 9
\BOOKMARK [1][]{section.5}{\376\377\0005\000.\000\040\000H\000e\000t\000e\000r\000o\000z\000y\000g\000o\000s\000i\000t\000y\000\040\000d\000e\000s\000t\000r\000i\000b\000u\000t\000i\000o\000n}{}% 10
\BOOKMARK [2][-]{subsection.5.1}{\376\377\0005\000.\000.\0001\000\040\000M\000a\000p\000p\000i\000n\000g\000\040\000o\000n\000\040\000L\000o\000t\000u\000s\000\040\000G\000e\000n\000o\000m\000e}{section.5}% 11
\BOOKMARK [2][-]{subsection.5.2}{\376\377\0005\000.\000.\0002\000\040\000A\000v\000e\000r\000a\000g\000e\000\040\000c\000o\000v\000e\000r\000a\000g\000e\000\040\000o\000n\000\040\000L\000o\000t\000u\000s\000\040\000G\000e\000n\000o\000m\000e}{section.5}% 12
\BOOKMARK [2][-]{subsection.5.3}{\376\377\0005\000.\000.\0003\000\040\000I\000n\000b\000r\000e\000e\000d\000i\000n\000g\000\040\000c\000o\000e\000f\000f\000i\000c\000i\000e\000n\000t}{section.5}% 13
\BOOKMARK [1][]{section.6}{\376\377\0006\000.\000\040\000P\000a\000r\000s\000i\000n\000g\000\040\000V\000C\000F}{}% 14
\BOOKMARK [2][-]{subsection.6.1}{\376\377\0006\000.\000.\0001\000\040\000H\000e\000t\000e\000r\000o\000z\000y\000g\000o\000s\000i\000t\000y}{section.6}% 15
\BOOKMARK [2][-]{subsection.6.2}{\376\377\0006\000.\000.\0002\000\040\000M\000a\000r\000k\000e\000r\000\040\000f\000i\000l\000t\000e\000r\000i\000n\000g\000\040\000c\000r\000i\000t\000e\000r\000i\000a}{section.6}% 16
\BOOKMARK [3][-]{subsubsection.6.2.1}{\376\377\0006\000.\000.\0002\000.\0001\000\040\000C\000o\000u\000n\000t\000i\000n\000g\000\040\000f\000i\000l\000t\000e\000r\000i\000n\000g\000\040\000c\000a\000t\000e\000g\000o\000r\000i\000e\000s}{subsection.6.2}% 17
\BOOKMARK [3][-]{subsubsection.6.2.2}{\376\377\0006\000.\000.\0002\000.\0002\000\040\000A\000v\000e\000r\000a\000g\000e\000\040\000Q\000U\000A\000L\000\040\000v\000a\000l\000u\000e}{subsection.6.2}% 18
\BOOKMARK [3][-]{subsubsection.6.2.3}{\376\377\0006\000.\000.\0002\000.\0003\000\040\000M\000G\0002\0000\000\040\000h\000o\000m\000o\000z\000y\000g\000o\000u\000s\000\040\000p\000o\000s\000i\000t\000i\000o\000n\000s}{subsection.6.2}% 19
\BOOKMARK [3][-]{subsubsection.6.2.4}{\376\377\0006\000.\000.\0002\000.\0004\000\040\000V\000a\000r\000i\000a\000n\000t\000\040\000a\000n\000n\000o\000t\000a\000t\000i\000o\000n}{subsection.6.2}% 20
\BOOKMARK [1][]{section.7}{\376\377\0007\000.\000\040\000P\000y\000t\000h\000o\000n\000\040\000S\000c\000r\000i\000p\000t}{}% 21
